<?xml version="1.0" encoding="UTF-8"?>
<!-- Generated by org.testng.reporters.JUnitXMLReporter -->
<testsuite ignored="2" hostname="LAPTOP-KHLMVE7K" failures="0" tests="2" name="Test" time="0.17" errors="0" timestamp="2023-07-31T08:21:07 IST">
  <testcase classname="TestNg_Group.Invocation" name="test2" time="0.028"/>
  <testcase classname="TestNg_Group.Invocation_1" name="test1" time="0.008"/>
  <testcase classname="TestNg_Group.Invocation_1" name="test2" time="0.0">
    <ignored/>
  </testcase> <!-- test2 -->
  <testcase classname="TestNg_Group.Invocation" name="test1" time="0.0">
    <ignored/>
  </testcase> <!-- test1 -->
</testsuite> <!-- Test -->
